{
  "RSpec": {
    "coverage": {
      "/Users/mostafasakr/Desktop/turing/3mod/projects/lunch-and-learn/config/environment.rb": {
        "lines": [
          null,
          1,
          null,
          null,
          1
        ]
      },
      "/Users/mostafasakr/Desktop/turing/3mod/projects/lunch-and-learn/config/application.rb": {
        "lines": [
          1,
          null,
          1,
          null,
          1,
          1,
          1,
          1,
          1,
          1,
          1,
          1,
          null,
          null,
          null,
          null,
          null,
          1,
          null,
          1,
          1,
          null,
          1,
          null,
          null,
          null,
          null,
          null,
          null,
          null,
          null,
          null,
          1,
          null,
          null
        ]
      },
      "/Users/mostafasakr/Desktop/turing/3mod/projects/lunch-and-learn/config/boot.rb": {
        "lines": [
          1,
          null,
          1,
          1
        ]
      },
      "/Users/mostafasakr/Desktop/turing/3mod/projects/lunch-and-learn/config/environments/test.rb": {
        "lines": [
          1,
          null,
          null,
          null,
          null,
          null,
          null,
          1,
          null,
          null,
          null,
          null,
          1,
          null,
          null,
          1,
          1,
          null,
          null,
          null,
          null,
          1,
          1,
          null,
          null,
          1,
          null,
          null,
          1,
          null,
          null,
          1,
          null,
          1,
          null,
          null,
          null,
          null,
          1,
          null,
          null,
          1,
          null,
          null,
          null,
          null
        ]
      },
      "/Users/mostafasakr/Desktop/turing/3mod/projects/lunch-and-learn/config/initializers/application_controller_renderer.rb": {
        "lines": [
          null,
          null,
          null,
          null,
          null,
          null,
          null,
          null
        ]
      },
      "/Users/mostafasakr/Desktop/turing/3mod/projects/lunch-and-learn/config/initializers/backtrace_silencers.rb": {
        "lines": [
          null,
          null,
          null,
          null,
          null,
          null,
          null
        ]
      },
      "/Users/mostafasakr/Desktop/turing/3mod/projects/lunch-and-learn/config/initializers/cors.rb": {
        "lines": [
          null,
          null,
          null,
          null,
          null,
          null,
          null,
          null,
          null,
          null,
          null,
          null,
          null,
          null,
          null,
          null
        ]
      },
      "/Users/mostafasakr/Desktop/turing/3mod/projects/lunch-and-learn/config/initializers/filter_parameter_logging.rb": {
        "lines": [
          null,
          null,
          null,
          1
        ]
      },
      "/Users/mostafasakr/Desktop/turing/3mod/projects/lunch-and-learn/config/initializers/inflections.rb": {
        "lines": [
          null,
          null,
          null,
          null,
          null,
          null,
          null,
          null,
          null,
          null,
          null,
          null,
          null,
          null,
          null,
          null
        ]
      },
      "/Users/mostafasakr/Desktop/turing/3mod/projects/lunch-and-learn/config/initializers/mime_types.rb": {
        "lines": [
          null,
          null,
          null,
          null
        ]
      },
      "/Users/mostafasakr/Desktop/turing/3mod/projects/lunch-and-learn/config/initializers/wrap_parameters.rb": {
        "lines": [
          null,
          null,
          null,
          null,
          null,
          null,
          1,
          2,
          null,
          null,
          null,
          null,
          null,
          null
        ]
      },
      "/Users/mostafasakr/Desktop/turing/3mod/projects/lunch-and-learn/config/routes.rb": {
        "lines": [
          1,
          null,
          1,
          1,
          1,
          1,
          1,
          1,
          1,
          null,
          null,
          null
        ]
      },
      "/Users/mostafasakr/Desktop/turing/3mod/projects/lunch-and-learn/spec/requests/api/v1/get_learning_resources_spec.rb": {
        "lines": [
          1,
          null,
          1,
          1,
          1,
          null,
          1,
          null,
          1,
          1,
          1,
          1,
          1,
          1,
          1,
          1,
          1,
          1,
          1,
          1,
          1,
          1,
          1,
          1,
          1,
          1,
          1,
          1,
          null,
          null
        ]
      },
      "/Users/mostafasakr/Desktop/turing/3mod/projects/lunch-and-learn/spec/requests/api/v1/get_recipes_spec.rb": {
        "lines": [
          1,
          null,
          1,
          1,
          1,
          null,
          1,
          null,
          1,
          1,
          1,
          1,
          1,
          1,
          1,
          1,
          1,
          1,
          null,
          null,
          null,
          1,
          1,
          null,
          1,
          1,
          1,
          1,
          1,
          1,
          null,
          null,
          1,
          1,
          null,
          1,
          1,
          1,
          null,
          null
        ]
      },
      "/Users/mostafasakr/Desktop/turing/3mod/projects/lunch-and-learn/spec/requests/api/v1/post_favorite_spec.rb": {
        "lines": [
          1,
          null,
          1,
          1,
          1,
          null,
          null,
          null,
          null,
          null,
          1,
          null,
          1,
          null,
          1,
          null,
          1,
          1,
          null,
          1,
          1,
          1,
          1,
          null,
          null,
          1,
          1,
          null,
          null,
          null,
          null,
          null,
          1,
          null,
          1,
          null,
          1,
          1,
          null,
          1,
          1,
          1,
          1,
          1,
          1,
          null,
          null
        ]
      },
      "/Users/mostafasakr/Desktop/turing/3mod/projects/lunch-and-learn/spec/requests/api/v1/post_user_spec.rb": {
        "lines": [
          1,
          null,
          1,
          1,
          1,
          null,
          1,
          null,
          1,
          null,
          1,
          1,
          null,
          1,
          1,
          1,
          1,
          1,
          1,
          1,
          1,
          1,
          1,
          1,
          null,
          null,
          1,
          1,
          null,
          1,
          null,
          1,
          null,
          1,
          1,
          null,
          1,
          null,
          null
        ]
      },
      "/Users/mostafasakr/Desktop/turing/3mod/projects/lunch-and-learn/app/models/user.rb": {
        "lines": [
          1,
          1,
          1,
          1,
          null
        ]
      },
      "/Users/mostafasakr/Desktop/turing/3mod/projects/lunch-and-learn/app/models/application_record.rb": {
        "lines": [
          1,
          1,
          null
        ]
      },
      "/Users/mostafasakr/Desktop/turing/3mod/projects/lunch-and-learn/app/models/favorite.rb": {
        "lines": [
          1,
          1,
          null
        ]
      },
      "/Users/mostafasakr/Desktop/turing/3mod/projects/lunch-and-learn/app/controllers/api/v1/favorites_controller.rb": {
        "lines": [
          1,
          1,
          2,
          1,
          1,
          null,
          1,
          null,
          null,
          null,
          1,
          3,
          2,
          null,
          1,
          null,
          null,
          null,
          1,
          null,
          null
        ]
      },
      "/Users/mostafasakr/Desktop/turing/3mod/projects/lunch-and-learn/app/controllers/application_controller.rb": {
        "lines": [
          1,
          null
        ]
      },
      "/Users/mostafasakr/Desktop/turing/3mod/projects/lunch-and-learn/app/serializers/favorite_serializer.rb": {
        "lines": [
          1,
          1,
          null,
          1,
          null
        ]
      },
      "/Users/mostafasakr/Desktop/turing/3mod/projects/lunch-and-learn/app/controllers/api/v1/learning_resources_controller.rb": {
        "lines": [
          1,
          1,
          1,
          1,
          1,
          null,
          null
        ]
      },
      "/Users/mostafasakr/Desktop/turing/3mod/projects/lunch-and-learn/app/facades/learning_resource_facade.rb": {
        "lines": [
          1,
          1,
          1,
          1,
          1,
          null,
          null
        ]
      },
      "/Users/mostafasakr/Desktop/turing/3mod/projects/lunch-and-learn/app/services/learning_resources_service.rb": {
        "lines": [
          1,
          1,
          1,
          1,
          null,
          null,
          1,
          1,
          1,
          null,
          null,
          null,
          1,
          1,
          1,
          null,
          null,
          1,
          1,
          1,
          null,
          null,
          null
        ]
      },
      "/Users/mostafasakr/Desktop/turing/3mod/projects/lunch-and-learn/app/poros/learning_resource.rb": {
        "lines": [
          1,
          1,
          null,
          1,
          1,
          1,
          1,
          1,
          null,
          null,
          1,
          1,
          10,
          null,
          null,
          null
        ]
      },
      "/Users/mostafasakr/Desktop/turing/3mod/projects/lunch-and-learn/app/serializers/learning_resource_serializer.rb": {
        "lines": [
          1,
          1,
          null,
          2,
          1,
          null
        ]
      },
      "/Users/mostafasakr/Desktop/turing/3mod/projects/lunch-and-learn/app/controllers/api/v1/recipes_controller.rb": {
        "lines": [
          1,
          1,
          3,
          3,
          3,
          3,
          null,
          null
        ]
      },
      "/Users/mostafasakr/Desktop/turing/3mod/projects/lunch-and-learn/app/facades/recipe_facade.rb": {
        "lines": [
          1,
          1,
          3,
          3,
          40,
          null,
          null,
          null
        ]
      },
      "/Users/mostafasakr/Desktop/turing/3mod/projects/lunch-and-learn/app/services/recipes_service.rb": {
        "lines": [
          1,
          1,
          3,
          3,
          3,
          3,
          3,
          null,
          3,
          null,
          null,
          1,
          3,
          3,
          3,
          null,
          null,
          null
        ]
      },
      "/Users/mostafasakr/Desktop/turing/3mod/projects/lunch-and-learn/app/poros/recipe.rb": {
        "lines": [
          1,
          1,
          null,
          1,
          40,
          40,
          40,
          40,
          null,
          null
        ]
      },
      "/Users/mostafasakr/Desktop/turing/3mod/projects/lunch-and-learn/app/serializers/recipe_serializer.rb": {
        "lines": [
          1,
          1,
          null,
          41,
          1,
          null
        ]
      },
      "/Users/mostafasakr/Desktop/turing/3mod/projects/lunch-and-learn/app/services/countries_service.rb": {
        "lines": [
          1,
          1,
          1,
          1,
          null,
          null,
          1,
          1,
          null,
          null
        ]
      },
      "/Users/mostafasakr/Desktop/turing/3mod/projects/lunch-and-learn/app/controllers/api/v1/users_controller.rb": {
        "lines": [
          1,
          1,
          2,
          2,
          2,
          1,
          null,
          1,
          null,
          null,
          null
        ]
      },
      "/Users/mostafasakr/Desktop/turing/3mod/projects/lunch-and-learn/app/serializers/user_serializer.rb": {
        "lines": [
          1,
          1,
          null,
          1,
          null
        ]
      }
    },
    "timestamp": 1673999733
  }
}
